
[ERROR] 2018-12-20 09:53:51 method:com.alibaba.controller.jiguang.DelFolderController.deleteFolderFiles(DelFolderController.java:107)
Index: 0, Size: 0

[ERROR] 2018-12-20 10:52:38 method:com.alibaba.controller.jiguang.STSController.getToken(STSController.java:66)
InvalidParameter.PolicyGrammar : The parameter Policy has not passed grammar check.
RequestId : C07384FB-2AF1-4A1B-BA11-EBFC54487BBF

[ERROR] 2018-12-20 11:10:02 method:com.alibaba.controller.PushsController.index(PushsController.java:66)

### Error updating database.  Cause: com.mysql.jdbc.exceptions.jdbc4.MySQLSyntaxErrorException: Unknown column 'machine_id' in 'where clause'
### The error may involve com.alibaba.dao.AdminMapper.updateMachineStatusonLine-Inline
### The error occurred while setting parameters
### SQL: update machine set   status = 1   where machine_id = ?
### Cause: com.mysql.jdbc.exceptions.jdbc4.MySQLSyntaxErrorException: Unknown column 'machine_id' in 'where clause'
; bad SQL grammar []; nested exception is com.mysql.jdbc.exceptions.jdbc4.MySQLSyntaxErrorException: Unknown column 'machine_id' in 'where clause'

[ERROR] 2018-12-20 11:12:47 method:com.alibaba.controller.PushsController.index(PushsController.java:66)

### Error updating database.  Cause: com.mysql.jdbc.exceptions.jdbc4.MySQLSyntaxErrorException: Unknown column 'machine_id' in 'where clause'
### The error may involve com.alibaba.dao.AdminMapper.updateMachineStatusonLine-Inline
### The error occurred while setting parameters
### SQL: update machine set   status = 1   where machine_id = ?
### Cause: com.mysql.jdbc.exceptions.jdbc4.MySQLSyntaxErrorException: Unknown column 'machine_id' in 'where clause'
; bad SQL grammar []; nested exception is com.mysql.jdbc.exceptions.jdbc4.MySQLSyntaxErrorException: Unknown column 'machine_id' in 'where clause'

[ERROR] 2018-12-20 11:12:47 method:com.alibaba.controller.PushsController.index(PushsController.java:66)

### Error updating database.  Cause: com.mysql.jdbc.exceptions.jdbc4.MySQLSyntaxErrorException: Unknown column 'machine_id' in 'where clause'
### The error may involve com.alibaba.dao.AdminMapper.updateMachineStatusonLine-Inline
### The error occurred while setting parameters
### SQL: update machine set   status = 1   where machine_id = ?
### Cause: com.mysql.jdbc.exceptions.jdbc4.MySQLSyntaxErrorException: Unknown column 'machine_id' in 'where clause'
; bad SQL grammar []; nested exception is com.mysql.jdbc.exceptions.jdbc4.MySQLSyntaxErrorException: Unknown column 'machine_id' in 'where clause'

[ERROR] 2018-12-20 11:12:49 method:com.alibaba.controller.PushsController.index(PushsController.java:66)

### Error updating database.  Cause: com.mysql.jdbc.exceptions.jdbc4.MySQLSyntaxErrorException: Unknown column 'machine_id' in 'where clause'
### The error may involve com.alibaba.dao.AdminMapper.updateMachineStatusonLine-Inline
### The error occurred while setting parameters
### SQL: update machine set   status = 1   where machine_id = ?
### Cause: com.mysql.jdbc.exceptions.jdbc4.MySQLSyntaxErrorException: Unknown column 'machine_id' in 'where clause'
; bad SQL grammar []; nested exception is com.mysql.jdbc.exceptions.jdbc4.MySQLSyntaxErrorException: Unknown column 'machine_id' in 'where clause'

[ERROR] 2018-12-20 11:22:47 method:com.alibaba.controller.PushsController.index(PushsController.java:66)

### Error updating database.  Cause: com.mysql.jdbc.exceptions.jdbc4.MySQLSyntaxErrorException: Unknown column 'machine_id' in 'where clause'
### The error may involve com.alibaba.dao.AdminMapper.updateMachineStatusonLine-Inline
### The error occurred while setting parameters
### SQL: update machine set   status = 1   where machine_id = ?
### Cause: com.mysql.jdbc.exceptions.jdbc4.MySQLSyntaxErrorException: Unknown column 'machine_id' in 'where clause'
; bad SQL grammar []; nested exception is com.mysql.jdbc.exceptions.jdbc4.MySQLSyntaxErrorException: Unknown column 'machine_id' in 'where clause'

[ERROR] 2018-12-20 11:22:47 method:com.alibaba.controller.PushsController.index(PushsController.java:66)

### Error updating database.  Cause: com.mysql.jdbc.exceptions.jdbc4.MySQLSyntaxErrorException: Unknown column 'machine_id' in 'where clause'
### The error may involve com.alibaba.dao.AdminMapper.updateMachineStatusonLine-Inline
### The error occurred while setting parameters
### SQL: update machine set   status = 1   where machine_id = ?
### Cause: com.mysql.jdbc.exceptions.jdbc4.MySQLSyntaxErrorException: Unknown column 'machine_id' in 'where clause'
; bad SQL grammar []; nested exception is com.mysql.jdbc.exceptions.jdbc4.MySQLSyntaxErrorException: Unknown column 'machine_id' in 'where clause'

[ERROR] 2018-12-20 11:22:49 method:com.alibaba.controller.PushsController.index(PushsController.java:66)

### Error updating database.  Cause: com.mysql.jdbc.exceptions.jdbc4.MySQLSyntaxErrorException: Unknown column 'machine_id' in 'where clause'
### The error may involve com.alibaba.dao.AdminMapper.updateMachineStatusonLine-Inline
### The error occurred while setting parameters
### SQL: update machine set   status = 1   where machine_id = ?
### Cause: com.mysql.jdbc.exceptions.jdbc4.MySQLSyntaxErrorException: Unknown column 'machine_id' in 'where clause'
; bad SQL grammar []; nested exception is com.mysql.jdbc.exceptions.jdbc4.MySQLSyntaxErrorException: Unknown column 'machine_id' in 'where clause'

[ERROR] 2018-12-20 11:52:47 method:com.alibaba.controller.PushsController.index(PushsController.java:66)

### Error updating database.  Cause: com.mysql.jdbc.exceptions.jdbc4.MySQLSyntaxErrorException: Unknown column 'machine_id' in 'where clause'
### The error may involve com.alibaba.dao.AdminMapper.updateMachineStatusonLine-Inline
### The error occurred while setting parameters
### SQL: update machine set   status = 1   where machine_id = ?
### Cause: com.mysql.jdbc.exceptions.jdbc4.MySQLSyntaxErrorException: Unknown column 'machine_id' in 'where clause'
; bad SQL grammar []; nested exception is com.mysql.jdbc.exceptions.jdbc4.MySQLSyntaxErrorException: Unknown column 'machine_id' in 'where clause'

[ERROR] 2018-12-20 11:52:47 method:com.alibaba.controller.PushsController.index(PushsController.java:66)

### Error updating database.  Cause: com.mysql.jdbc.exceptions.jdbc4.MySQLSyntaxErrorException: Unknown column 'machine_id' in 'where clause'
### The error may involve com.alibaba.dao.AdminMapper.updateMachineStatusonLine-Inline
### The error occurred while setting parameters
### SQL: update machine set   status = 1   where machine_id = ?
### Cause: com.mysql.jdbc.exceptions.jdbc4.MySQLSyntaxErrorException: Unknown column 'machine_id' in 'where clause'
; bad SQL grammar []; nested exception is com.mysql.jdbc.exceptions.jdbc4.MySQLSyntaxErrorException: Unknown column 'machine_id' in 'where clause'

[ERROR] 2018-12-20 11:52:49 method:com.alibaba.controller.PushsController.index(PushsController.java:66)

### Error updating database.  Cause: com.mysql.jdbc.exceptions.jdbc4.MySQLSyntaxErrorException: Unknown column 'machine_id' in 'where clause'
### The error may involve com.alibaba.dao.AdminMapper.updateMachineStatusonLine-Inline
### The error occurred while setting parameters
### SQL: update machine set   status = 1   where machine_id = ?
### Cause: com.mysql.jdbc.exceptions.jdbc4.MySQLSyntaxErrorException: Unknown column 'machine_id' in 'where clause'
; bad SQL grammar []; nested exception is com.mysql.jdbc.exceptions.jdbc4.MySQLSyntaxErrorException: Unknown column 'machine_id' in 'where clause'

[ERROR] 2018-12-20 15:09:31 method:com.alibaba.controller.jiguang.DelFolderController.saveFolder(DelFolderController.java:198)


[ERROR] 2018-12-20 15:29:24 method:com.alibaba.controller.jiguang.DelFolderController.deleteFolderFiles(DelFolderController.java:107)


[ERROR] 2018-12-20 15:30:27 method:com.alibaba.controller.jiguang.DelFolderController.deleteFolderFiles(DelFolderController.java:107)


[ERROR] 2018-12-20 15:35:16 method:com.alibaba.controller.jiguang.DelFolderController.deleteFolderFiles(DelFolderController.java:107)


[ERROR] 2018-12-20 16:15:42 method:com.alibabú∫Âà†Èô§Êñá‰ª∂Êó∂ÂÄôÁöÑÊé®ÈÄÅ

	public Map<String, Object> pushTerminaIsDel(UserFolder us